<?xml version="1.0" encoding="UTF-8"?>
<!-- Generated by org.testng.reporters.JUnitReportReporter -->
<testsuite name="com.uitesting.PageObjectModel.Module.LoginPage.LoginTest" tests="1" time="18.785" ignored="0" failures="0" timestamp="26 Dec 2017 20:58:17 GMT" skipped="0" hostname="PATHARAJ1" errors="0">
  <testcase name="TCC01_LoginWithValidCredentials" time="18.785" classname="com.uitesting.PageObjectModel.Module.LoginPage.LoginTest"/>
</testsuite> <!-- com.uitesting.PageObjectModel.Module.LoginPage.LoginTest -->
